# JRE version: Java(TM) SE Runtime Environment (22.0.1+8) (build 22.0.1+8-16)
# Java VM: Java HotSpot(TM) 64-Bit Server VM (22.0.1+8-16, mixed mode, emulated-client, sharing, tiered, compressed oops, compressed class ptrs, g1 gc, windows-amd64)
GC Precious Log:
 CardTable entry size: 512
 Card Set container configuration: InlinePtr #cards 4 size 8 Array Of Cards #cards 16 size 48 Howl #buckets 8 coarsen threshold 3686 Howl Bitmap #cards 512 size 80 coarsen threshold 460 Card regions per heap region 1 cards per card region 4096
 CPUs: 16 total, 16 available
 Memory: 16098M
 Large Page Support: Disabled
 NUMA Support: Disabled
 Compressed Oops: Enabled (Zero based)
 Heap Region Size: 2M
 Heap Min Capacity: 8M
 Heap Initial Capacity: 252M
 Heap Max Capacity: 4026M
 Pre-touch: Disabled
 Parallel Workers: 13
 Concurrent Workers: 3
 Concurrent Refinement Workers: 13
 Periodic GC: Disabled
Heap:
 garbage-first heap   total reserved 4122624K, committed 75776K, used 48139K [0x0000000704600000, 0x0000000800000000)
  region size 2048K, 16 young (32768K), 2 survivors (4096K)
 Metaspace       used 47900K, committed 48320K, reserved 1114112K
  class space    used 6577K, committed 6720K, reserved 1048576K
GC Heap History (20 events):
Event: 0.705 GC heap before
{Heap before GC invocations=5 (full 0):
 garbage-first heap   total reserved 4122624K, committed 40960K, used 26008K [0x0000000704600000, 0x0000000800000000)
  region size 2048K, 10 young (20480K), 1 survivors (2048K)
 Metaspace       used 14961K, committed 15296K, reserved 1114112K
  class space    used 1943K, committed 2112K, reserved 1048576K
}
Event: 0.707 GC heap after
{Heap after GC invocations=6 (full 0):
 garbage-first heap   total reserved 4122624K, committed 40960K, used 10278K [0x0000000704600000, 0x0000000800000000)
  region size 2048K, 1 young (2048K), 1 survivors (2048K)
 Metaspace       used 14961K, committed 15296K, reserved 1114112K
  class space    used 1943K, committed 2112K, reserved 1048576K
}
Event: 0.750 GC heap before
{Heap before GC invocations=6 (full 0):
 garbage-first heap   total reserved 4122624K, committed 40960K, used 28710K [0x0000000704600000, 0x0000000800000000)
  region size 2048K, 11 young (22528K), 1 survivors (2048K)
 Metaspace       used 16898K, committed 17280K, reserved 1114112K
  class space    used 2142K, committed 2304K, reserved 1048576K
}
Event: 0.751 GC heap after
{Heap after GC invocations=7 (full 0):
 garbage-first heap   total reserved 4122624K, committed 149504K, used 10557K [0x0000000704600000, 0x0000000800000000)
  region size 2048K, 1 young (2048K), 1 survivors (2048K)
 Metaspace       used 16898K, committed 17280K, reserved 1114112K
  class space    used 2142K, committed 2304K, reserved 1048576K
}
Event: 1.038 GC heap before
{Heap before GC invocations=7 (full 0):
 garbage-first heap   total reserved 4122624K, committed 149504K, used 80189K [0x0000000704600000, 0x0000000800000000)
  region size 2048K, 37 young (75776K), 1 survivors (2048K)
 Metaspace       used 21232K, committed 21504K, reserved 1114112K
  class space    used 2737K, committed 2880K, reserved 1048576K
}
Event: 1.041 GC heap after
{Heap after GC invocations=8 (full 0):
 garbage-first heap   total reserved 4122624K, committed 149504K, used 13086K [0x0000000704600000, 0x0000000800000000)
  region size 2048K, 3 young (6144K), 3 survivors (6144K)
 Metaspace       used 21232K, committed 21504K, reserved 1114112K
  class space    used 2737K, committed 2880K, reserved 1048576K
}
Event: 1.158 GC heap before
{Heap before GC invocations=9 (full 0):
 garbage-first heap   total reserved 4122624K, committed 55296K, used 37662K [0x0000000704600000, 0x0000000800000000)
  region size 2048K, 16 young (32768K), 3 survivors (6144K)
 Metaspace       used 22149K, committed 22464K, reserved 1114112K
  class space    used 2870K, committed 3008K, reserved 1048576K
}
Event: 1.162 GC heap after
{Heap after GC invocations=10 (full 0):
 garbage-first heap   total reserved 4122624K, committed 55296K, used 13788K [0x0000000704600000, 0x0000000800000000)
  region size 2048K, 1 young (2048K), 1 survivors (2048K)
 Metaspace       used 22149K, committed 22464K, reserved 1114112K
  class space    used 2870K, committed 3008K, reserved 1048576K
}
Event: 1.300 GC heap before
{Heap before GC invocations=10 (full 0):
 garbage-first heap   total reserved 4122624K, committed 55296K, used 42460K [0x0000000704600000, 0x0000000800000000)
  region size 2048K, 16 young (32768K), 1 survivors (2048K)
 Metaspace       used 24197K, committed 24576K, reserved 1114112K
  class space    used 3156K, committed 3328K, reserved 1048576K
}
Event: 1.302 GC heap after
{Heap after GC invocations=11 (full 0):
 garbage-first heap   total reserved 4122624K, committed 55296K, used 14585K [0x0000000704600000, 0x0000000800000000)
  region size 2048K, 1 young (2048K), 1 survivors (2048K)
 Metaspace       used 24197K, committed 24576K, reserved 1114112K
  class space    used 3156K, committed 3328K, reserved 1048576K
}
Event: 1.486 GC heap before
{Heap before GC invocations=11 (full 0):
 garbage-first heap   total reserved 4122624K, committed 55296K, used 43257K [0x0000000704600000, 0x0000000800000000)
  region size 2048K, 16 young (32768K), 1 survivors (2048K)
 Metaspace       used 26415K, committed 26752K, reserved 1114112K
  class space    used 3502K, committed 3648K, reserved 1048576K
}
Event: 1.490 GC heap after
{Heap after GC invocations=12 (full 0):
 garbage-first heap   total reserved 4122624K, committed 157696K, used 16441K [0x0000000704600000, 0x0000000800000000)
  region size 2048K, 2 young (4096K), 2 survivors (4096K)
 Metaspace       used 26415K, committed 26752K, reserved 1114112K
  class space    used 3502K, committed 3648K, reserved 1048576K
}
Event: 1.976 GC heap before
{Heap before GC invocations=12 (full 0):
 garbage-first heap   total reserved 4122624K, committed 157696K, used 104505K [0x0000000704600000, 0x0000000800000000)
  region size 2048K, 46 young (94208K), 2 survivors (4096K)
 Metaspace       used 34069K, committed 34560K, reserved 1114112K
  class space    used 4584K, committed 4800K, reserved 1048576K
}
Event: 1.980 GC heap after
{Heap after GC invocations=13 (full 0):
 garbage-first heap   total reserved 4122624K, committed 157696K, used 20215K [0x0000000704600000, 0x0000000800000000)
  region size 2048K, 4 young (8192K), 4 survivors (8192K)
 Metaspace       used 34069K, committed 34560K, reserved 1114112K
  class space    used 4584K, committed 4800K, reserved 1048576K
}
Event: 2.052 GC heap before
{Heap before GC invocations=13 (full 0):
 garbage-first heap   total reserved 4122624K, committed 157696K, used 34551K [0x0000000704600000, 0x0000000800000000)
  region size 2048K, 12 young (24576K), 4 survivors (8192K)
 Metaspace       used 35557K, committed 35968K, reserved 1114112K
  class space    used 4855K, committed 5056K, reserved 1048576K
}
Event: 2.055 GC heap after
{Heap after GC invocations=14 (full 0):
 garbage-first heap   total reserved 4122624K, committed 157696K, used 20484K [0x0000000704600000, 0x0000000800000000)
  region size 2048K, 3 young (6144K), 3 survivors (6144K)
 Metaspace       used 35557K, committed 35968K, reserved 1114112K
  class space    used 4855K, committed 5056K, reserved 1048576K
}
Event: 2.225 GC heap before
{Heap before GC invocations=15 (full 0):
 garbage-first heap   total reserved 4122624K, committed 75776K, used 59396K [0x0000000704600000, 0x0000000800000000)
  region size 2048K, 22 young (45056K), 3 survivors (6144K)
 Metaspace       used 39521K, committed 39936K, reserved 1114112K
  class space    used 5437K, committed 5632K, reserved 1048576K
}
Event: 2.228 GC heap after
{Heap after GC invocations=16 (full 0):
 garbage-first heap   total reserved 4122624K, committed 75776K, used 22328K [0x0000000704600000, 0x0000000800000000)
  region size 2048K, 2 young (4096K), 2 survivors (4096K)
 Metaspace       used 39521K, committed 39936K, reserved 1114112K
  class space    used 5437K, committed 5632K, reserved 1048576K
}
Event: 2.453 GC heap before
{Heap before GC invocations=16 (full 0):
 garbage-first heap   total reserved 4122624K, committed 75776K, used 61240K [0x0000000704600000, 0x0000000800000000)
  region size 2048K, 21 young (43008K), 2 survivors (4096K)
 Metaspace       used 45914K, committed 46336K, reserved 1114112K
  class space    used 6352K, committed 6528K, reserved 1048576K
}
Event: 2.455 GC heap after
{Heap after GC invocations=17 (full 0):
 garbage-first heap   total reserved 4122624K, committed 75776K, used 23563K [0x0000000704600000, 0x0000000800000000)
  region size 2048K, 2 young (4096K), 2 survivors (4096K)
 Metaspace       used 45914K, committed 46336K, reserved 1114112K
  class space    used 6352K, committed 6528K, reserved 1048576K
}

